0 info it worked if it ends with ok
1 verbose cli [ 'd:\\nodejs\\\\node.exe',
1 verbose cli   'd:\\nodejs\\node_modules\\npm\\bin\\npm-cli.js',
1 verbose cli   'install',
1 verbose cli   '-g',
1 verbose cli   'edpx-src/ad/widget/iermu.js' ]
2 info using npm@1.4.9
3 info using node@v0.11.9
4 verbose node symlink d:\nodejs\\node.exe
5 verbose cache add [ 'edpx-src/ad/widget/iermu.js', null ]
6 verbose cache add name=undefined spec="edpx-src/ad/widget/iermu.js" args=["edpx-src/ad/widget/iermu.js",null]
7 verbose parsed url { protocol: null,
7 verbose parsed url   slashes: null,
7 verbose parsed url   auth: null,
7 verbose parsed url   host: null,
7 verbose parsed url   port: null,
7 verbose parsed url   hostname: null,
7 verbose parsed url   hash: null,
7 verbose parsed url   search: null,
7 verbose parsed url   query: null,
7 verbose parsed url   pathname: 'edpx-src/ad/widget/iermu.js',
7 verbose parsed url   path: 'edpx-src/ad/widget/iermu.js',
7 verbose parsed url   href: 'edpx-src/ad/widget/iermu.js' }
8 silly lockFile 85e2b66b-edpx-src-ad-widget-iermu-js edpx-src/ad/widget/iermu.js
9 verbose lock edpx-src/ad/widget/iermu.js C:\Users\chenjiawei01\AppData\Roaming\npm-cache\85e2b66b-edpx-src-ad-widget-iermu-js.lock
10 silly lockFile 85e2b66b-edpx-src-ad-widget-iermu-js edpx-src/ad/widget/iermu.js
11 silly lockFile 85e2b66b-edpx-src-ad-widget-iermu-js edpx-src/ad/widget/iermu.js
12 error addLocal Could not install edpx-src/ad/widget/iermu.js
13 error Error: ENOENT, stat 'd:\1Study\gitrepo\lego-dev\server\private\lego-widgets\edpx-src\ad\widget\iermu.js'
14 error If you need help, you may report this *entire* log,
14 error including the npm and node versions, at:
14 error     <http://github.com/npm/npm/issues>
15 error System Windows_NT 6.1.7601
16 error command "d:\\nodejs\\\\node.exe" "d:\\nodejs\\node_modules\\npm\\bin\\npm-cli.js" "install" "-g" "edpx-src/ad/widget/iermu.js"
17 error cwd d:\1Study\gitrepo\lego-dev\server\private\lego-widgets
18 error node -v v0.11.9
19 error npm -v 1.4.9
20 error path d:\1Study\gitrepo\lego-dev\server\private\lego-widgets\edpx-src\ad\widget\iermu.js
21 error code ENOENT
22 error errno -4058
23 verbose exit [ -4058, true ]
